0 info it worked if it ends with ok
1 verbose cli [ '/home/ubuntu/.nvm/versions/node/v5.4.1/bin/node',
1 verbose cli   '/home/ubuntu/.nvm/versions/node/v5.4.1/bin/npm',
1 verbose cli   'run',
1 verbose cli   'production' ]
2 info using npm@3.3.12
3 info using node@v5.4.1
4 verbose run-script [ 'preproduction', 'production', 'postproduction' ]
5 info lifecycle class@1.0.0~preproduction: class@1.0.0
6 silly lifecycle class@1.0.0~preproduction: no script for preproduction, continuing
7 info lifecycle class@1.0.0~production: class@1.0.0
8 verbose lifecycle class@1.0.0~production: unsafe-perm in lifecycle true
9 verbose lifecycle class@1.0.0~production: PATH: /home/ubuntu/.nvm/versions/node/v5.4.1/lib/node_modules/npm/bin/node-gyp-bin:/home/ubuntu/workspace/node_modules/.bin:/home/ubuntu/.nvm/versions/node/v5.4.1/bin:/usr/local/rvm/gems/ruby-2.1.5@rails4/bin:/usr/local/rvm/gems/ruby-2.1.5@global/bin:/usr/local/rvm/rubies/ruby-2.1.5/bin:/mnt/shared/bin:/home/ubuntu/workspace/node_modules/.bin:/home/ubuntu/bin:/usr/local/sbin:/usr/local/bin:/usr/sbin:/usr/bin:/sbin:/bin:/mnt/shared/sbin:/opt/gitl:/opt/go/bin:/mnt/shared/c9/app.nw/bin:/usr/local/rvm/bin
10 verbose lifecycle class@1.0.0~production: CWD: /home/ubuntu/workspace
11 silly lifecycle class@1.0.0~production: Args: [ '-c',
11 silly lifecycle   'modulus env set METEOR_SETTINGS "$(cat settings-production.json)" -p \'class\' && modulus deploy -p \'class\'' ]
12 silly lifecycle class@1.0.0~production: Returned: code: 1  signal: null
13 info lifecycle class@1.0.0~production: Failed to exec production script
14 verbose stack Error: class@1.0.0 production: `modulus env set METEOR_SETTINGS "$(cat settings-production.json)" -p 'class' && modulus deploy -p 'class'`
14 verbose stack Exit status 1
14 verbose stack     at EventEmitter.<anonymous> (/home/ubuntu/.nvm/versions/node/v5.4.1/lib/node_modules/npm/lib/utils/lifecycle.js:232:16)
14 verbose stack     at emitTwo (events.js:87:13)
14 verbose stack     at EventEmitter.emit (events.js:172:7)
14 verbose stack     at ChildProcess.<anonymous> (/home/ubuntu/.nvm/versions/node/v5.4.1/lib/node_modules/npm/lib/utils/spawn.js:24:14)
14 verbose stack     at emitTwo (events.js:87:13)
14 verbose stack     at ChildProcess.emit (events.js:172:7)
14 verbose stack     at maybeClose (internal/child_process.js:821:16)
14 verbose stack     at Process.ChildProcess._handle.onexit (internal/child_process.js:211:5)
15 verbose pkgid class@1.0.0
16 verbose cwd /home/ubuntu/workspace
17 error Linux 4.2.0-c9
18 error argv "/home/ubuntu/.nvm/versions/node/v5.4.1/bin/node" "/home/ubuntu/.nvm/versions/node/v5.4.1/bin/npm" "run" "production"
19 error node v5.4.1
20 error npm  v3.3.12
21 error code ELIFECYCLE
22 error class@1.0.0 production: `modulus env set METEOR_SETTINGS "$(cat settings-production.json)" -p 'class' && modulus deploy -p 'class'`
22 error Exit status 1
23 error Failed at the class@1.0.0 production script 'modulus env set METEOR_SETTINGS "$(cat settings-production.json)" -p 'class' && modulus deploy -p 'class''.
23 error Make sure you have the latest version of node.js and npm installed.
23 error If you do, this is most likely a problem with the class package,
23 error not with npm itself.
23 error Tell the author that this fails on your system:
23 error     modulus env set METEOR_SETTINGS "$(cat settings-production.json)" -p 'class' && modulus deploy -p 'class'
23 error You can get their info via:
23 error     npm owner ls class
23 error There is likely additional logging output above.
24 verbose exit [ 1, true ]
